0 info it worked if it ends with ok
1 verbose cli [ '/usr/bin/nodejs',
1 verbose cli   '/usr/bin/npm',
1 verbose cli   'install',
1 verbose cli   '--save-dev',
1 verbose cli   'eslint-config-airbnb',
1 verbose cli   'eslint@^#.#.#',
1 verbose cli   'eslint-plugin-jsx-a11y@^#.#.#',
1 verbose cli   'eslint-plugin-import@^#.#.#',
1 verbose cli   'eslint-plugin-react@^#.#.#' ]
2 info using npm@3.8.6
3 info using node@v5.11.0
4 silly loadCurrentTree Starting
5 silly install loadCurrentTree
6 silly install readLocalPackageData
7 silly fetchPackageMetaData eslint-config-airbnb
8 silly fetchPackageMetaData eslint@^#.#.#
9 silly fetchPackageMetaData eslint-plugin-jsx-a11y@^#.#.#
10 silly fetchPackageMetaData eslint-plugin-import@^#.#.#
11 silly fetchPackageMetaData eslint-plugin-react@^#.#.#
12 silly fetchNamedPackageData eslint-config-airbnb
13 silly mapToRegistry name eslint-config-airbnb
14 silly mapToRegistry using default registry
15 silly mapToRegistry registry https://registry.npmjs.org/
16 silly mapToRegistry data Result {
16 silly mapToRegistry   raw: 'eslint-config-airbnb',
16 silly mapToRegistry   scope: null,
16 silly mapToRegistry   name: 'eslint-config-airbnb',
16 silly mapToRegistry   rawSpec: '',
16 silly mapToRegistry   spec: 'latest',
16 silly mapToRegistry   type: 'tag' }
17 silly mapToRegistry uri https://registry.npmjs.org/eslint-config-airbnb
18 silly fetchNamedPackageData eslint
19 silly mapToRegistry name eslint
20 silly mapToRegistry using default registry
21 silly mapToRegistry registry https://registry.npmjs.org/
22 silly mapToRegistry data Result {
22 silly mapToRegistry   raw: 'eslint',
22 silly mapToRegistry   scope: null,
22 silly mapToRegistry   name: 'eslint',
22 silly mapToRegistry   rawSpec: '',
22 silly mapToRegistry   spec: 'latest',
22 silly mapToRegistry   type: 'tag' }
23 silly mapToRegistry uri https://registry.npmjs.org/eslint
24 silly fetchNamedPackageData eslint-plugin-jsx-a11y
25 silly mapToRegistry name eslint-plugin-jsx-a11y
26 silly mapToRegistry using default registry
27 silly mapToRegistry registry https://registry.npmjs.org/
28 silly mapToRegistry data Result {
28 silly mapToRegistry   raw: 'eslint-plugin-jsx-a11y',
28 silly mapToRegistry   scope: null,
28 silly mapToRegistry   name: 'eslint-plugin-jsx-a11y',
28 silly mapToRegistry   rawSpec: '',
28 silly mapToRegistry   spec: 'latest',
28 silly mapToRegistry   type: 'tag' }
29 silly mapToRegistry uri https://registry.npmjs.org/eslint-plugin-jsx-a11y
30 silly fetchNamedPackageData eslint-plugin-import
31 silly mapToRegistry name eslint-plugin-import
32 silly mapToRegistry using default registry
33 silly mapToRegistry registry https://registry.npmjs.org/
34 silly mapToRegistry data Result {
34 silly mapToRegistry   raw: 'eslint-plugin-import',
34 silly mapToRegistry   scope: null,
34 silly mapToRegistry   name: 'eslint-plugin-import',
34 silly mapToRegistry   rawSpec: '',
34 silly mapToRegistry   spec: 'latest',
34 silly mapToRegistry   type: 'tag' }
35 silly mapToRegistry uri https://registry.npmjs.org/eslint-plugin-import
36 silly fetchNamedPackageData eslint-plugin-react
37 silly mapToRegistry name eslint-plugin-react
38 silly mapToRegistry using default registry
39 silly mapToRegistry registry https://registry.npmjs.org/
40 silly mapToRegistry data Result {
40 silly mapToRegistry   raw: 'eslint-plugin-react',
40 silly mapToRegistry   scope: null,
40 silly mapToRegistry   name: 'eslint-plugin-react',
40 silly mapToRegistry   rawSpec: '',
40 silly mapToRegistry   spec: 'latest',
40 silly mapToRegistry   type: 'tag' }
41 silly mapToRegistry uri https://registry.npmjs.org/eslint-plugin-react
42 verbose request uri https://registry.npmjs.org/eslint-plugin-jsx-a11y
43 verbose request no auth needed
44 info attempt registry request try #1 at 13:30:25
45 verbose request id 7d976afecaebe8bf
46 http request GET https://registry.npmjs.org/eslint-plugin-jsx-a11y
47 verbose request uri https://registry.npmjs.org/eslint-plugin-import
48 verbose request no auth needed
49 info attempt registry request try #1 at 13:30:25
50 http request GET https://registry.npmjs.org/eslint-plugin-import
51 verbose request uri https://registry.npmjs.org/eslint-config-airbnb
52 verbose request no auth needed
53 info attempt registry request try #1 at 13:30:25
54 verbose etag W/"58375c8a-1153d"
55 verbose lastModified Thu, 24 Nov 2016 21:32:58 GMT
56 http request GET https://registry.npmjs.org/eslint-config-airbnb
57 verbose request uri https://registry.npmjs.org/eslint
58 verbose request no auth needed
59 info attempt registry request try #1 at 13:30:25
60 verbose etag W/"583ca78b-601ba"
61 verbose lastModified Mon, 28 Nov 2016 21:54:19 GMT
62 http request GET https://registry.npmjs.org/eslint
63 verbose request uri https://registry.npmjs.org/eslint-plugin-react
64 verbose request no auth needed
65 info attempt registry request try #1 at 13:30:25
66 verbose etag W/"583ca7ac-29023"
67 verbose lastModified Mon, 28 Nov 2016 21:54:52 GMT
68 http request GET https://registry.npmjs.org/eslint-plugin-react
69 http 200 https://registry.npmjs.org/eslint-plugin-jsx-a11y
70 verbose headers { server: 'nginx/1.10.1',
70 verbose headers   'content-type': 'application/json',
70 verbose headers   'last-modified': 'Fri, 11 Nov 2016 09:33:01 GMT',
70 verbose headers   etag: 'W/"5825904d-1a1d1"',
70 verbose headers   'content-encoding': 'gzip',
70 verbose headers   'cache-control': 'max-age=300',
70 verbose headers   'content-length': '9909',
70 verbose headers   'accept-ranges': 'bytes',
70 verbose headers   date: 'Tue, 29 Nov 2016 10:30:26 GMT',
70 verbose headers   via: '1.1 varnish',
70 verbose headers   age: '109',
70 verbose headers   connection: 'keep-alive',
70 verbose headers   'x-served-by': 'cache-bma7024-BMA',
70 verbose headers   'x-cache': 'HIT',
70 verbose headers   'x-cache-hits': '1',
70 verbose headers   'x-timer': 'S1480415426.012218,VS0,VE0',
70 verbose headers   vary: 'Accept-Encoding' }
71 silly get cb [ 200,
71 silly get   { server: 'nginx/1.10.1',
71 silly get     'content-type': 'application/json',
71 silly get     'last-modified': 'Fri, 11 Nov 2016 09:33:01 GMT',
71 silly get     etag: 'W/"5825904d-1a1d1"',
71 silly get     'content-encoding': 'gzip',
71 silly get     'cache-control': 'max-age=300',
71 silly get     'content-length': '9909',
71 silly get     'accept-ranges': 'bytes',
71 silly get     date: 'Tue, 29 Nov 2016 10:30:26 GMT',
71 silly get     via: '1.1 varnish',
71 silly get     age: '109',
71 silly get     connection: 'keep-alive',
71 silly get     'x-served-by': 'cache-bma7024-BMA',
71 silly get     'x-cache': 'HIT',
71 silly get     'x-cache-hits': '1',
71 silly get     'x-timer': 'S1480415426.012218,VS0,VE0',
71 silly get     vary: 'Accept-Encoding' } ]
72 verbose get saving eslint-plugin-jsx-a11y to /home/radiona/.npm/registry.npmjs.org/eslint-plugin-jsx-a11y/.cache.json
73 verbose correctMkdir /home/radiona/.npm correctMkdir not in flight; initializing
74 http 304 https://registry.npmjs.org/eslint-plugin-react
75 verbose headers { date: 'Tue, 29 Nov 2016 10:30:26 GMT',
75 verbose headers   via: '1.1 varnish',
75 verbose headers   'cache-control': 'max-age=300',
75 verbose headers   etag: 'W/"583ca7ac-29023"',
75 verbose headers   age: '114',
75 verbose headers   connection: 'keep-alive',
75 verbose headers   'x-served-by': 'cache-bma7027-BMA',
75 verbose headers   'x-cache': 'HIT',
75 verbose headers   'x-cache-hits': '2',
75 verbose headers   'x-timer': 'S1480415426.044079,VS0,VE0',
75 verbose headers   vary: 'Accept-Encoding' }
76 silly get cb [ 304,
76 silly get   { date: 'Tue, 29 Nov 2016 10:30:26 GMT',
76 silly get     via: '1.1 varnish',
76 silly get     'cache-control': 'max-age=300',
76 silly get     etag: 'W/"583ca7ac-29023"',
76 silly get     age: '114',
76 silly get     connection: 'keep-alive',
76 silly get     'x-served-by': 'cache-bma7027-BMA',
76 silly get     'x-cache': 'HIT',
76 silly get     'x-cache-hits': '2',
76 silly get     'x-timer': 'S1480415426.044079,VS0,VE0',
76 silly get     vary: 'Accept-Encoding' } ]
77 verbose etag https://registry.npmjs.org/eslint-plugin-react from cache
78 verbose get saving eslint-plugin-react to /home/radiona/.npm/registry.npmjs.org/eslint-plugin-react/.cache.json
79 verbose correctMkdir /home/radiona/.npm correctMkdir not in flight; initializing
80 http 304 https://registry.npmjs.org/eslint-config-airbnb
81 verbose headers { date: 'Tue, 29 Nov 2016 10:30:26 GMT',
81 verbose headers   via: '1.1 varnish',
81 verbose headers   'cache-control': 'max-age=300',
81 verbose headers   etag: 'W/"58375c8a-1153d"',
81 verbose headers   age: '109',
81 verbose headers   connection: 'keep-alive',
81 verbose headers   'x-served-by': 'cache-bma7022-BMA',
81 verbose headers   'x-cache': 'HIT',
81 verbose headers   'x-cache-hits': '1',
81 verbose headers   'x-timer': 'S1480415426.037744,VS0,VE0',
81 verbose headers   vary: 'Accept-Encoding' }
82 silly get cb [ 304,
82 silly get   { date: 'Tue, 29 Nov 2016 10:30:26 GMT',
82 silly get     via: '1.1 varnish',
82 silly get     'cache-control': 'max-age=300',
82 silly get     etag: 'W/"58375c8a-1153d"',
82 silly get     age: '109',
82 silly get     connection: 'keep-alive',
82 silly get     'x-served-by': 'cache-bma7022-BMA',
82 silly get     'x-cache': 'HIT',
82 silly get     'x-cache-hits': '1',
82 silly get     'x-timer': 'S1480415426.037744,VS0,VE0',
82 silly get     vary: 'Accept-Encoding' } ]
83 verbose etag https://registry.npmjs.org/eslint-config-airbnb from cache
84 verbose get saving eslint-config-airbnb to /home/radiona/.npm/registry.npmjs.org/eslint-config-airbnb/.cache.json
85 verbose correctMkdir /home/radiona/.npm correctMkdir not in flight; initializing
86 http 304 https://registry.npmjs.org/eslint
87 verbose headers { date: 'Tue, 29 Nov 2016 10:30:26 GMT',
87 verbose headers   via: '1.1 varnish',
87 verbose headers   'cache-control': 'max-age=300',
87 verbose headers   etag: 'W/"583ca78b-601ba"',
87 verbose headers   age: '118',
87 verbose headers   connection: 'keep-alive',
87 verbose headers   'x-served-by': 'cache-bma7033-BMA',
87 verbose headers   'x-cache': 'HIT',
87 verbose headers   'x-cache-hits': '3',
87 verbose headers   'x-timer': 'S1480415426.043165,VS0,VE0',
87 verbose headers   vary: 'Accept-Encoding' }
88 silly get cb [ 304,
88 silly get   { date: 'Tue, 29 Nov 2016 10:30:26 GMT',
88 silly get     via: '1.1 varnish',
88 silly get     'cache-control': 'max-age=300',
88 silly get     etag: 'W/"583ca78b-601ba"',
88 silly get     age: '118',
88 silly get     connection: 'keep-alive',
88 silly get     'x-served-by': 'cache-bma7033-BMA',
88 silly get     'x-cache': 'HIT',
88 silly get     'x-cache-hits': '3',
88 silly get     'x-timer': 'S1480415426.043165,VS0,VE0',
88 silly get     vary: 'Accept-Encoding' } ]
89 verbose etag https://registry.npmjs.org/eslint from cache
90 verbose get saving eslint to /home/radiona/.npm/registry.npmjs.org/eslint/.cache.json
91 verbose correctMkdir /home/radiona/.npm correctMkdir not in flight; initializing
92 http 200 https://registry.npmjs.org/eslint-plugin-import
93 verbose headers { server: 'nginx/1.10.1',
93 verbose headers   'content-type': 'application/json',
93 verbose headers   'last-modified': 'Sun, 13 Nov 2016 18:18:39 GMT',
93 verbose headers   etag: 'W/"5828ae7f-2c9b2"',
93 verbose headers   'content-encoding': 'gzip',
93 verbose headers   'cache-control': 'max-age=300',
93 verbose headers   'content-length': '17052',
93 verbose headers   'accept-ranges': 'bytes',
93 verbose headers   date: 'Tue, 29 Nov 2016 10:30:25 GMT',
93 verbose headers   via: '1.1 varnish',
93 verbose headers   age: '203',
93 verbose headers   connection: 'keep-alive',
93 verbose headers   'x-served-by': 'cache-bma7025-BMA',
93 verbose headers   'x-cache': 'HIT',
93 verbose headers   'x-cache-hits': '2',
93 verbose headers   'x-timer': 'S1480415425.990127,VS0,VE0',
93 verbose headers   vary: 'Accept-Encoding' }
94 silly get cb [ 200,
94 silly get   { server: 'nginx/1.10.1',
94 silly get     'content-type': 'application/json',
94 silly get     'last-modified': 'Sun, 13 Nov 2016 18:18:39 GMT',
94 silly get     etag: 'W/"5828ae7f-2c9b2"',
94 silly get     'content-encoding': 'gzip',
94 silly get     'cache-control': 'max-age=300',
94 silly get     'content-length': '17052',
94 silly get     'accept-ranges': 'bytes',
94 silly get     date: 'Tue, 29 Nov 2016 10:30:25 GMT',
94 silly get     via: '1.1 varnish',
94 silly get     age: '203',
94 silly get     connection: 'keep-alive',
94 silly get     'x-served-by': 'cache-bma7025-BMA',
94 silly get     'x-cache': 'HIT',
94 silly get     'x-cache-hits': '2',
94 silly get     'x-timer': 'S1480415425.990127,VS0,VE0',
94 silly get     vary: 'Accept-Encoding' } ]
95 verbose get saving eslint-plugin-import to /home/radiona/.npm/registry.npmjs.org/eslint-plugin-import/.cache.json
96 verbose correctMkdir /home/radiona/.npm correctMkdir not in flight; initializing
97 silly fetchPackageMetaData Error: No compatible version found: eslint-plugin-react@^#.#.#
97 silly fetchPackageMetaData Valid install targets:
97 silly fetchPackageMetaData 6.7.1, 6.7.0, 6.6.0, 6.5.0, 6.4.1, 6.4.0, 6.3.0, 6.2.2, 6.2.1, 6.2.0, 6.1.2, 6.1.1, 6.1.0, 6.0.0, 6.0.0-rc.1, 6.0.0-rc.0, 6.0.0-alpha.2, 6.0.0-alpha.1, 5.2.2, 5.2.1, 5.2.0, 5.1.1, 5.1.0, 5.0.1, 5.0.0, 4.3.0, 4.2.3, 4.2.2, 4.2.1, 4.2.0, 4.1.0, 4.0.0, 4.0.0-rc.1, 4.0.0-rc.0, 3.16.1, 3.16.0, 3.15.0, 3.14.0, 3.13.1, 3.13.0, 3.12.0, 3.11.3, 3.11.2, 3.11.1, 3.11.0, 3.10.0, 3.9.0, 3.8.0, 3.7.1, 3.7.0, 3.6.3, 3.6.2, 3.6.1, 3.6.0, 3.5.1, 3.5.0, 3.4.2, 3.4.1, 3.4.0, 3.3.2, 3.3.1, 3.3.0, 3.2.3, 3.2.2, 3.2.1, 3.2.0, 3.1.0, 3.0.0, 2.7.1, 2.7.0, 2.6.4, 2.6.3, 2.6.2, 2.6.1, 2.6.0, 2.5.2, 2.5.1, 2.5.0, 2.4.0, 2.3.0, 2.2.0, 2.1.1, 2.1.0, 2.0.2, 2.0.1, 2.0.0, 1.6.1, 1.6.0, 1.5.0, 1.4.1, 1.4.0, 1.3.0, 1.2.2, 1.2.1, 1.2.0, 1.1.0, 1.0.0
97 silly fetchPackageMetaData
97 silly fetchPackageMetaData     at pickVersionFromRegistryDocument (/usr/lib/node_modules/npm/lib/fetch-package-metadata.js:156:16)
97 silly fetchPackageMetaData     at /usr/lib/node_modules/npm/node_modules/iferr/index.js:13:50
97 silly fetchPackageMetaData     at /usr/lib/node_modules/npm/lib/utils/pulse-till-done.js:19:8
97 silly fetchPackageMetaData     at saved (/usr/lib/node_modules/npm/lib/cache/caching-client.js:168:7)
97 silly fetchPackageMetaData     at /usr/lib/node_modules/npm/node_modules/graceful-fs/polyfills.js:210:7
97 silly fetchPackageMetaData     at FSReqWrap.oncomplete (fs.js:82:15)
97 silly fetchPackageMetaData  error for eslint-plugin-react@^#.#.# [Error: No compatible version found: eslint-plugin-react@^#.#.#
97 silly fetchPackageMetaData Valid install targets:
97 silly fetchPackageMetaData 6.7.1, 6.7.0, 6.6.0, 6.5.0, 6.4.1, 6.4.0, 6.3.0, 6.2.2, 6.2.1, 6.2.0, 6.1.2, 6.1.1, 6.1.0, 6.0.0, 6.0.0-rc.1, 6.0.0-rc.0, 6.0.0-alpha.2, 6.0.0-alpha.1, 5.2.2, 5.2.1, 5.2.0, 5.1.1, 5.1.0, 5.0.1, 5.0.0, 4.3.0, 4.2.3, 4.2.2, 4.2.1, 4.2.0, 4.1.0, 4.0.0, 4.0.0-rc.1, 4.0.0-rc.0, 3.16.1, 3.16.0, 3.15.0, 3.14.0, 3.13.1, 3.13.0, 3.12.0, 3.11.3, 3.11.2, 3.11.1, 3.11.0, 3.10.0, 3.9.0, 3.8.0, 3.7.1, 3.7.0, 3.6.3, 3.6.2, 3.6.1, 3.6.0, 3.5.1, 3.5.0, 3.4.2, 3.4.1, 3.4.0, 3.3.2, 3.3.1, 3.3.0, 3.2.3, 3.2.2, 3.2.1, 3.2.0, 3.1.0, 3.0.0, 2.7.1, 2.7.0, 2.6.4, 2.6.3, 2.6.2, 2.6.1, 2.6.0, 2.5.2, 2.5.1, 2.5.0, 2.4.0, 2.3.0, 2.2.0, 2.1.1, 2.1.0, 2.0.2, 2.0.1, 2.0.0, 1.6.1, 1.6.0, 1.5.0, 1.4.1, 1.4.0, 1.3.0, 1.2.2, 1.2.1, 1.2.0, 1.1.0, 1.0.0
97 silly fetchPackageMetaData ]
98 silly fetchPackageMetaData Error: No compatible version found: eslint-plugin-jsx-a11y@^#.#.#
98 silly fetchPackageMetaData Valid install targets:
98 silly fetchPackageMetaData 3.0.1, 2.2.3, 2.2.2, 2.2.1, 2.2.0, 2.1.0, 2.0.1, 2.0.0, 1.5.5, 1.5.4, 1.5.3, 1.5.2, 1.5.1, 1.5.0, 1.4.2, 1.4.1, 1.4.0, 1.3.0, 1.2.3, 1.2.2, 1.2.1, 1.2.0, 1.1.0, 1.0.4, 1.0.3, 1.0.2, 1.0.1, 1.0.0, 0.6.2, 0.6.1, 0.6.0, 0.5.4, 0.5.3, 0.5.2, 0.5.1, 0.5.0, 0.4.3, 0.4.2, 0.4.1, 0.4.0, 0.3.1, 0.3.0, 0.2.2, 0.2.1, 0.2.0, 0.1.2, 0.1.1, 0.1.0, 0.0.2, 0.0.1
98 silly fetchPackageMetaData
98 silly fetchPackageMetaData     at pickVersionFromRegistryDocument (/usr/lib/node_modules/npm/lib/fetch-package-metadata.js:156:16)
98 silly fetchPackageMetaData     at /usr/lib/node_modules/npm/node_modules/iferr/index.js:13:50
98 silly fetchPackageMetaData     at /usr/lib/node_modules/npm/lib/utils/pulse-till-done.js:19:8
98 silly fetchPackageMetaData     at saved (/usr/lib/node_modules/npm/lib/cache/caching-client.js:168:7)
98 silly fetchPackageMetaData     at /usr/lib/node_modules/npm/node_modules/graceful-fs/polyfills.js:210:7
98 silly fetchPackageMetaData     at FSReqWrap.oncomplete (fs.js:82:15)
98 silly fetchPackageMetaData  error for eslint-plugin-jsx-a11y@^#.#.# [Error: No compatible version found: eslint-plugin-jsx-a11y@^#.#.#
98 silly fetchPackageMetaData Valid install targets:
98 silly fetchPackageMetaData 3.0.1, 2.2.3, 2.2.2, 2.2.1, 2.2.0, 2.1.0, 2.0.1, 2.0.0, 1.5.5, 1.5.4, 1.5.3, 1.5.2, 1.5.1, 1.5.0, 1.4.2, 1.4.1, 1.4.0, 1.3.0, 1.2.3, 1.2.2, 1.2.1, 1.2.0, 1.1.0, 1.0.4, 1.0.3, 1.0.2, 1.0.1, 1.0.0, 0.6.2, 0.6.1, 0.6.0, 0.5.4, 0.5.3, 0.5.2, 0.5.1, 0.5.0, 0.4.3, 0.4.2, 0.4.1, 0.4.0, 0.3.1, 0.3.0, 0.2.2, 0.2.1, 0.2.0, 0.1.2, 0.1.1, 0.1.0, 0.0.2, 0.0.1
98 silly fetchPackageMetaData ]
99 silly fetchPackageMetaData Error: No compatible version found: eslint@^#.#.#
99 silly fetchPackageMetaData Valid install targets:
99 silly fetchPackageMetaData 3.11.1, 3.11.0, 3.10.2, 3.10.1, 3.10.0, 3.9.1, 3.9.0, 3.8.1, 3.8.0, 3.7.1, 3.7.0, 3.6.1, 3.6.0, 3.5.0, 3.4.0, 3.3.1, 3.3.0, 3.2.2, 3.2.1, 3.2.0, 3.1.1, 3.1.0, 3.0.1, 3.0.0, 2.13.1, 2.13.0, 2.12.0, 2.11.1, 2.11.0, 2.10.2, 2.10.1, 2.10.0, 2.9.0, 2.8.0, 2.7.0, 2.6.0, 2.5.3, 2.5.2, 2.5.1, 2.5.0, 2.4.0, 2.3.0, 2.2.0, 2.1.0, 2.0.0, 2.0.0-rc.1, 2.0.0-rc.0, 2.0.0-beta.3, 2.0.0-beta.2, 2.0.0-beta.1, 2.0.0-alpha-2, 2.0.0-alpha-1, 1.10.3, 1.10.2, 1.10.1, 1.10.0, 1.9.0, 1.8.0, 1.7.3, 1.7.2, 1.7.1, 1.7.0, 1.6.0, 1.5.1, 1.5.0, 1.4.3, 1.4.2, 1.4.1, 1.4.0, 1.3.1, 1.3.0, 1.2.1, 1.2.0, 1.1.0, 1.0.0, 1.0.0-rc-3, 1.0.0-rc-2, 1.0.0-rc-1, 0.24.1, 0.24.0, 0.23.0, 0.22.1, 0.22.0, 0.21.2, 0.21.1, 0.21.0, 0.20.0, 0.19.0, 0.18.0, 0.17.1, 0.17.0, 0.16.2, 0.16.1, 0.16.0, 0.15.1, 0.15.0, 0.14.1, 0.14.0, 0.13.0, 0.12.0, 0.11.0, 0.11.0-alpha.0, 0.10.2, 0.10.1, 0.10.0, 0.10.0-alpha.2, 0.10.0-alpha.1, 0.10.0-alpha, 0.9.2, 0.9.1, 0.9.0, 0.8.2, 0.8.1, 0.8.0, 0.7.4, 0.7.3, 0.7.2, 0.7.1, 0.6.2, 0.6.1, 0.6.0, 0.5.1, 0.5.0, 0.4.5, 0.4.4, 0.4.3, 0.4.2, 0.4.1, 0.4.0, 0.3.0, 0.2.0, 0.1.4, 0.1.3, 0.1.2, 0.1.1, 0.1.0, 0.1.0-dev, 0.0.7, 0.0.6, 0.0.5, 0.0.4
99 silly fetchPackageMetaData
99 silly fetchPackageMetaData     at pickVersionFromRegistryDocument (/usr/lib/node_modules/npm/lib/fetch-package-metadata.js:156:16)
99 silly fetchPackageMetaData     at /usr/lib/node_modules/npm/node_modules/iferr/index.js:13:50
99 silly fetchPackageMetaData     at /usr/lib/node_modules/npm/lib/utils/pulse-till-done.js:19:8
99 silly fetchPackageMetaData     at saved (/usr/lib/node_modules/npm/lib/cache/caching-client.js:168:7)
99 silly fetchPackageMetaData     at /usr/lib/node_modules/npm/node_modules/graceful-fs/polyfills.js:210:7
99 silly fetchPackageMetaData     at FSReqWrap.oncomplete (fs.js:82:15)
99 silly fetchPackageMetaData  error for eslint@^#.#.# [Error: No compatible version found: eslint@^#.#.#
99 silly fetchPackageMetaData Valid install targets:
99 silly fetchPackageMetaData 3.11.1, 3.11.0, 3.10.2, 3.10.1, 3.10.0, 3.9.1, 3.9.0, 3.8.1, 3.8.0, 3.7.1, 3.7.0, 3.6.1, 3.6.0, 3.5.0, 3.4.0, 3.3.1, 3.3.0, 3.2.2, 3.2.1, 3.2.0, 3.1.1, 3.1.0, 3.0.1, 3.0.0, 2.13.1, 2.13.0, 2.12.0, 2.11.1, 2.11.0, 2.10.2, 2.10.1, 2.10.0, 2.9.0, 2.8.0, 2.7.0, 2.6.0, 2.5.3, 2.5.2, 2.5.1, 2.5.0, 2.4.0, 2.3.0, 2.2.0, 2.1.0, 2.0.0, 2.0.0-rc.1, 2.0.0-rc.0, 2.0.0-beta.3, 2.0.0-beta.2, 2.0.0-beta.1, 2.0.0-alpha-2, 2.0.0-alpha-1, 1.10.3, 1.10.2, 1.10.1, 1.10.0, 1.9.0, 1.8.0, 1.7.3, 1.7.2, 1.7.1, 1.7.0, 1.6.0, 1.5.1, 1.5.0, 1.4.3, 1.4.2, 1.4.1, 1.4.0, 1.3.1, 1.3.0, 1.2.1, 1.2.0, 1.1.0, 1.0.0, 1.0.0-rc-3, 1.0.0-rc-2, 1.0.0-rc-1, 0.24.1, 0.24.0, 0.23.0, 0.22.1, 0.22.0, 0.21.2, 0.21.1, 0.21.0, 0.20.0, 0.19.0, 0.18.0, 0.17.1, 0.17.0, 0.16.2, 0.16.1, 0.16.0, 0.15.1, 0.15.0, 0.14.1, 0.14.0, 0.13.0, 0.12.0, 0.11.0, 0.11.0-alpha.0, 0.10.2, 0.10.1, 0.10.0, 0.10.0-alpha.2, 0.10.0-alpha.1, 0.10.0-alpha, 0.9.2, 0.9.1, 0.9.0, 0.8.2, 0.8.1, 0.8.0, 0.7.4, 0.7.3, 0.7.2, 0.7.1, 0.6.2, 0.6.1, 0.6.0, 0.5.1, 0.5.0, 0.4.5, 0.4.4, 0.4.3, 0.4.2, 0.4.1, 0.4.0, 0.3.0, 0.2.0, 0.1.4, 0.1.3, 0.1.2, 0.1.1, 0.1.0, 0.1.0-dev, 0.0.7, 0.0.6, 0.0.5, 0.0.4
99 silly fetchPackageMetaData ]
100 silly fetchPackageMetaData Error: No compatible version found: eslint-plugin-import@^#.#.#
100 silly fetchPackageMetaData Valid install targets:
100 silly fetchPackageMetaData 2.2.0, 2.1.0, 2.0.1, 2.0.0, 2.0.0-beta.1, 2.0.0-beta.0, 1.16.0, 1.15.0, 1.14.0, 1.13.0, 1.12.0, 1.11.1, 1.11.0, 1.10.3, 1.10.2, 1.10.0, 1.9.2, 1.9.1, 1.9.0, 1.8.1, 1.8.0, 1.7.0, 1.6.1, 1.6.0, 1.5.0, 1.4.0, 1.3.0, 1.2.0, 1.1.0, 1.0.4, 1.0.3, 1.0.2, 1.0.1, 1.0.0, 1.0.0-beta.0, 0.13.0, 0.12.1, 0.12.0, 0.11.0, 0.10.1, 0.10.0, 0.9.1, 0.8.1, 0.8.0, 0.7.9, 0.7.8, 0.7.7, 0.7.5, 0.7.4, 0.7.3, 0.7.2, 0.7.1, 0.7.0, 0.6.0, 0.5.2, 0.5.1, 0.4.5, 0.4.4, 0.4.3, 0.4.2, 0.4.1, 0.4.0, 0.3.13, 0.3.12, 0.3.11, 0.3.10, 0.3.9, 0.3.8, 0.3.6, 0.3.5, 0.3.4, 0.3.3, 0.3.2, 0.3.0
100 silly fetchPackageMetaData
100 silly fetchPackageMetaData     at pickVersionFromRegistryDocument (/usr/lib/node_modules/npm/lib/fetch-package-metadata.js:156:16)
100 silly fetchPackageMetaData     at /usr/lib/node_modules/npm/node_modules/iferr/index.js:13:50
100 silly fetchPackageMetaData     at /usr/lib/node_modules/npm/lib/utils/pulse-till-done.js:19:8
100 silly fetchPackageMetaData     at saved (/usr/lib/node_modules/npm/lib/cache/caching-client.js:168:7)
100 silly fetchPackageMetaData     at /usr/lib/node_modules/npm/node_modules/graceful-fs/polyfills.js:210:7
100 silly fetchPackageMetaData     at FSReqWrap.oncomplete (fs.js:82:15)
100 silly fetchPackageMetaData  error for eslint-plugin-import@^#.#.# [Error: No compatible version found: eslint-plugin-import@^#.#.#
100 silly fetchPackageMetaData Valid install targets:
100 silly fetchPackageMetaData 2.2.0, 2.1.0, 2.0.1, 2.0.0, 2.0.0-beta.1, 2.0.0-beta.0, 1.16.0, 1.15.0, 1.14.0, 1.13.0, 1.12.0, 1.11.1, 1.11.0, 1.10.3, 1.10.2, 1.10.0, 1.9.2, 1.9.1, 1.9.0, 1.8.1, 1.8.0, 1.7.0, 1.6.1, 1.6.0, 1.5.0, 1.4.0, 1.3.0, 1.2.0, 1.1.0, 1.0.4, 1.0.3, 1.0.2, 1.0.1, 1.0.0, 1.0.0-beta.0, 0.13.0, 0.12.1, 0.12.0, 0.11.0, 0.10.1, 0.10.0, 0.9.1, 0.8.1, 0.8.0, 0.7.9, 0.7.8, 0.7.7, 0.7.5, 0.7.4, 0.7.3, 0.7.2, 0.7.1, 0.7.0, 0.6.0, 0.5.2, 0.5.1, 0.4.5, 0.4.4, 0.4.3, 0.4.2, 0.4.1, 0.4.0, 0.3.13, 0.3.12, 0.3.11, 0.3.10, 0.3.9, 0.3.8, 0.3.6, 0.3.5, 0.3.4, 0.3.3, 0.3.2, 0.3.0
100 silly fetchPackageMetaData ]
101 silly rollbackFailedOptional Starting
102 silly rollbackFailedOptional Finishing
103 silly runTopLevelLifecycles Starting
104 silly runTopLevelLifecycles Finishing
105 silly install printInstalled
106 verbose stack Error: No compatible version found: eslint-plugin-react@^#.#.#
106 verbose stack Valid install targets:
106 verbose stack 6.7.1, 6.7.0, 6.6.0, 6.5.0, 6.4.1, 6.4.0, 6.3.0, 6.2.2, 6.2.1, 6.2.0, 6.1.2, 6.1.1, 6.1.0, 6.0.0, 6.0.0-rc.1, 6.0.0-rc.0, 6.0.0-alpha.2, 6.0.0-alpha.1, 5.2.2, 5.2.1, 5.2.0, 5.1.1, 5.1.0, 5.0.1, 5.0.0, 4.3.0, 4.2.3, 4.2.2, 4.2.1, 4.2.0, 4.1.0, 4.0.0, 4.0.0-rc.1, 4.0.0-rc.0, 3.16.1, 3.16.0, 3.15.0, 3.14.0, 3.13.1, 3.13.0, 3.12.0, 3.11.3, 3.11.2, 3.11.1, 3.11.0, 3.10.0, 3.9.0, 3.8.0, 3.7.1, 3.7.0, 3.6.3, 3.6.2, 3.6.1, 3.6.0, 3.5.1, 3.5.0, 3.4.2, 3.4.1, 3.4.0, 3.3.2, 3.3.1, 3.3.0, 3.2.3, 3.2.2, 3.2.1, 3.2.0, 3.1.0, 3.0.0, 2.7.1, 2.7.0, 2.6.4, 2.6.3, 2.6.2, 2.6.1, 2.6.0, 2.5.2, 2.5.1, 2.5.0, 2.4.0, 2.3.0, 2.2.0, 2.1.1, 2.1.0, 2.0.2, 2.0.1, 2.0.0, 1.6.1, 1.6.0, 1.5.0, 1.4.1, 1.4.0, 1.3.0, 1.2.2, 1.2.1, 1.2.0, 1.1.0, 1.0.0
106 verbose stack
106 verbose stack     at pickVersionFromRegistryDocument (/usr/lib/node_modules/npm/lib/fetch-package-metadata.js:156:16)
106 verbose stack     at /usr/lib/node_modules/npm/node_modules/iferr/index.js:13:50
106 verbose stack     at /usr/lib/node_modules/npm/lib/utils/pulse-till-done.js:19:8
106 verbose stack     at saved (/usr/lib/node_modules/npm/lib/cache/caching-client.js:168:7)
106 verbose stack     at /usr/lib/node_modules/npm/node_modules/graceful-fs/polyfills.js:210:7
106 verbose stack     at FSReqWrap.oncomplete (fs.js:82:15)
107 verbose cwd /home/radiona/Рабочий стол/Работа/infomaps
108 error Linux 4.4.0-47-generic
109 error argv "/usr/bin/nodejs" "/usr/bin/npm" "install" "--save-dev" "eslint-config-airbnb" "eslint@^#.#.#" "eslint-plugin-jsx-a11y@^#.#.#" "eslint-plugin-import@^#.#.#" "eslint-plugin-react@^#.#.#"
110 error node v5.11.0
111 error npm  v3.8.6
112 error No compatible version found: eslint-plugin-react@^#.#.#
112 error Valid install targets:
112 error 6.7.1, 6.7.0, 6.6.0, 6.5.0, 6.4.1, 6.4.0, 6.3.0, 6.2.2, 6.2.1, 6.2.0, 6.1.2, 6.1.1, 6.1.0, 6.0.0, 6.0.0-rc.1, 6.0.0-rc.0, 6.0.0-alpha.2, 6.0.0-alpha.1, 5.2.2, 5.2.1, 5.2.0, 5.1.1, 5.1.0, 5.0.1, 5.0.0, 4.3.0, 4.2.3, 4.2.2, 4.2.1, 4.2.0, 4.1.0, 4.0.0, 4.0.0-rc.1, 4.0.0-rc.0, 3.16.1, 3.16.0, 3.15.0, 3.14.0, 3.13.1, 3.13.0, 3.12.0, 3.11.3, 3.11.2, 3.11.1, 3.11.0, 3.10.0, 3.9.0, 3.8.0, 3.7.1, 3.7.0, 3.6.3, 3.6.2, 3.6.1, 3.6.0, 3.5.1, 3.5.0, 3.4.2, 3.4.1, 3.4.0, 3.3.2, 3.3.1, 3.3.0, 3.2.3, 3.2.2, 3.2.1, 3.2.0, 3.1.0, 3.0.0, 2.7.1, 2.7.0, 2.6.4, 2.6.3, 2.6.2, 2.6.1, 2.6.0, 2.5.2, 2.5.1, 2.5.0, 2.4.0, 2.3.0, 2.2.0, 2.1.1, 2.1.0, 2.0.2, 2.0.1, 2.0.0, 1.6.1, 1.6.0, 1.5.0, 1.4.1, 1.4.0, 1.3.0, 1.2.2, 1.2.1, 1.2.0, 1.1.0, 1.0.0
113 error If you need help, you may report this error at:
113 error     <https://github.com/npm/npm/issues>
114 verbose exit [ 1, true ]
